[INFO] 2024-12-31 20:26:23 - Esto es una prueba
[INFO] 2024-12-31 20:27:18 - Esto es una prueba
[ERROR] 2024-12-31 20:27:18 - Read more at https://errors.authjs.dev#credentialssignin
[INFO] 2024-12-31 20:30:41 - Esto es una prueba
[ERROR] 2024-12-31 20:30:41 - Read more at https://errors.authjs.dev#credentialssignin
[INFO] 2024-12-31 20:31:04 - Esto es una prueba
[ERROR] 2024-12-31 20:31:04 - Read more at https://errors.authjs.dev#credentialssignin
[INFO] 2024-12-31 20:31:18 - Esto es una prueba
[ERROR] 2024-12-31 20:31:18 - CredentialsSignin: Read more at https://errors.authjs.dev#credentialssignin
    at Module.callback (webpack-internal:///(action-browser)/./node_modules/@auth/core/lib/actions/callback/index.js:246:23)
    at process.processTicksAndRejections (node:internal/process/task_queues:105:5)
    at async AuthInternal (webpack-internal:///(action-browser)/./node_modules/@auth/core/lib/index.js:70:24)
    at async Auth (webpack-internal:///(action-browser)/./node_modules/@auth/core/index.js:130:34)
    at async signIn (webpack-internal:///(action-browser)/./node_modules/next-auth/lib/actions.js:53:17)
    at async SignInCredentials (webpack-internal:///(action-browser)/./src/lib/auth-action.ts:22:21)
    at async /Users/Julio/Developments/NextJs/nextjs-dashboard/node_modules/next/dist/compiled/next-server/app-page.runtime.dev.js:157:2088
    at async handleAction (/Users/Julio/Developments/NextJs/nextjs-dashboard/node_modules/next/dist/compiled/next-server/app-page.runtime.dev.js:156:21940)
    at async renderToHTMLOrFlightImpl (/Users/Julio/Developments/NextJs/nextjs-dashboard/node_modules/next/dist/compiled/next-server/app-page.runtime.dev.js:161:22192)
    at async doRender (/Users/Julio/Developments/NextJs/nextjs-dashboard/node_modules/next/dist/server/base-server.js:1565:34)
    at async responseGenerator (/Users/Julio/Developments/NextJs/nextjs-dashboard/node_modules/next/dist/server/base-server.js:1813:28)
    at async DevServer.renderToResponseWithComponentsImpl (/Users/Julio/Developments/NextJs/nextjs-dashboard/node_modules/next/dist/server/base-server.js:1823:28)
    at async DevServer.renderPageComponent (/Users/Julio/Developments/NextJs/nextjs-dashboard/node_modules/next/dist/server/base-server.js:2250:24)
    at async DevServer.renderToResponseImpl (/Users/Julio/Developments/NextJs/nextjs-dashboard/node_modules/next/dist/server/base-server.js:2288:32)
    at async DevServer.pipeImpl (/Users/Julio/Developments/NextJs/nextjs-dashboard/node_modules/next/dist/server/base-server.js:959:25)
    at async NextNodeServer.handleCatchallRenderRequest (/Users/Julio/Developments/NextJs/nextjs-dashboard/node_modules/next/dist/server/next-server.js:281:17)
    at async DevServer.handleRequestImpl (/Users/Julio/Developments/NextJs/nextjs-dashboard/node_modules/next/dist/server/base-server.js:853:17)
    at async /Users/Julio/Developments/NextJs/nextjs-dashboard/node_modules/next/dist/server/dev/next-dev-server.js:371:20
    at async Span.traceAsyncFn (/Users/Julio/Developments/NextJs/nextjs-dashboard/node_modules/next/dist/trace/trace.js:153:20)
    at async DevServer.handleRequest (/Users/Julio/Developments/NextJs/nextjs-dashboard/node_modules/next/dist/server/dev/next-dev-server.js:368:24)
    at async invokeRender (/Users/Julio/Developments/NextJs/nextjs-dashboard/node_modules/next/dist/server/lib/router-server.js:230:21)
    at async handleRequest (/Users/Julio/Developments/NextJs/nextjs-dashboard/node_modules/next/dist/server/lib/router-server.js:408:24)
    at async requestHandlerImpl (/Users/Julio/Developments/NextJs/nextjs-dashboard/node_modules/next/dist/server/lib/router-server.js:432:13)
    at async Server.requestListener (/Users/Julio/Developments/NextJs/nextjs-dashboard/node_modules/next/dist/server/lib/start-server.js:146:13)
[WARN] 2025-01-02 01:09:01 - Authentication failed: User not found for email j.caceres.sanzana22@gmail.com
[INFO] 2025-01-02 01:10:25 - Authenticating user: j.caceres.sanzana2@gmail.com
[INFO] 2025-01-02 21:41:09 - Authenticating user: j.caceres.sanzana22@gmail.com
[WARN] 2025-01-02 21:41:09 - Authentication failed: User not found for email j.caceres.sanzana22@gmail.com
[INFO] 2025-01-02 21:41:23 - Authenticating user: j.caceres.sanzana22@gmail.com
[WARN] 2025-01-02 21:41:23 - Authentication failed: User not found for email j.caceres.sanzana22@gmail.com
[INFO] 2025-01-02 21:41:49 - Authenticating user: j.caceres.sanzana22@gmail.com
[WARN] 2025-01-02 21:41:49 - Authentication failed: User not found for email j.caceres.sanzana22@gmail.com
[INFO] 2025-01-02 21:56:11 - Authenticating user: j.caceres.sanzana22@gmail.com
[WARN] 2025-01-02 21:56:11 - Authentication failed: User not found for email j.caceres.sanzana22@gmail.com
[INFO] 2025-01-02 21:56:17 - Authenticating user: j.caceres.sanzana2@gmail.com
[INFO] 2025-01-02 22:14:14 - Authenticating user: j.caceres.sanzana22@gmail.com
[WARN] 2025-01-02 22:14:14 - Authentication failed: User not found for email j.caceres.sanzana22@gmail.com
[INFO] 2025-01-02 22:14:21 - Authenticating user: j.caceres.sanzana2@gmail.com
[INFO] 2025-01-02 22:15:16 - Authenticating user: j.caceres.sanzana2@gmail.com
[INFO] 2025-01-02 22:16:21 - Authenticating user: j.caceres.sanzana2@gmail.com
[INFO] 2025-01-02 22:19:13 - Authenticating user: j.caceres.sanzana22@gmail.com
[WARN] 2025-01-02 22:19:13 - Authentication failed: User not found for email j.caceres.sanzana22@gmail.com
[INFO] 2025-01-02 22:19:18 - Authenticating user: j.caceres.sanzana2@gmail.com
[INFO] 2025-01-03 00:42:03 - Authenticating user: j.caceres.sanzana22@gmail.com
[WARN] 2025-01-03 00:42:03 - Authentication failed: User not found for email j.caceres.sanzana22@gmail.com
[INFO] 2025-01-03 00:42:09 - Authenticating user: j.caceres.sanzana2@gmail.com
[INFO] 2025-01-03 01:18:02 - Authenticating user: j.caceres.sanzana2@gmail.com
[INFO] 2025-01-04 13:22:37 - Authenticating user: j.caceres.sanzana22@gmail.com
[WARN] 2025-01-04 13:22:37 - Authentication failed: User not found for email j.caceres.sanzana22@gmail.com
[INFO] 2025-01-04 13:22:49 - Authenticating user: j.caceres.sanzana2@gmail.com
[INFO] 2025-01-04 13:38:09 - Authenticating user: j.caceres.sanzana@gmail.com
[ERROR] 2025-01-04 13:38:09 - Error during authentication: Illegal arguments: string, object
[INFO] 2025-01-04 13:38:17 - Authenticating user: j.caceres.sanzana2@gmail.com
[INFO] 2025-01-04 13:38:57 - Authenticating user: j.caceres.sanzana22@gmail.com
[WARN] 2025-01-04 13:38:57 - Authentication failed: User not found for email j.caceres.sanzana22@gmail.com
[INFO] 2025-01-04 13:40:07 - Authenticating user: j.caceres.sanzana22@gmail.com
[WARN] 2025-01-04 13:40:07 - Authentication failed: User not found for email j.caceres.sanzana22@gmail.com
[INFO] 2025-01-04 13:40:08 - Authenticating user: j.caceres.sanzana22@gmail.com
[WARN] 2025-01-04 13:40:08 - Authentication failed: User not found for email j.caceres.sanzana22@gmail.com
[INFO] 2025-01-04 13:40:15 - Authenticating user: j.caceres.sanzana22@gmail.com
[WARN] 2025-01-04 13:40:15 - Authentication failed: User not found for email j.caceres.sanzana22@gmail.com
[INFO] 2025-01-04 13:41:49 - Authenticating user: j.caceres.sanzana22@gmail.com
[WARN] 2025-01-04 13:41:49 - Authentication failed: User not found for email j.caceres.sanzana22@gmail.com
[INFO] 2025-01-04 13:42:00 - Authenticating user: j.caceres.sanzana22@gmail.com
[WARN] 2025-01-04 13:42:00 - Authentication failed: User not found for email j.caceres.sanzana22@gmail.com
[INFO] 2025-01-04 13:45:51 - Authenticating user: j.caceres.sanzana22@gmail.com
[WARN] 2025-01-04 13:45:51 - Authentication failed: User not found for email j.caceres.sanzana22@gmail.com
[INFO] 2025-01-04 13:47:17 - Authenticating user: j.caceres.sanzana22@gmail.com
[WARN] 2025-01-04 13:47:17 - Authentication failed: User not found for email j.caceres.sanzana22@gmail.com
[INFO] 2025-01-04 13:47:28 - Authenticating user: j.caceres.sanzana22@gmail.com
[WARN] 2025-01-04 13:47:29 - Authentication failed: User not found for email j.caceres.sanzana22@gmail.com
[INFO] 2025-01-04 13:47:47 - Authenticating user: j.caceres.sanzana2@gmail.com
[INFO] 2025-01-04 14:18:33 - Authenticating user: j.caceres.sanzana2@gmail.com
[INFO] 2025-01-04 14:27:37 - Authenticating user: j.caceres.sanzana2@gmail.com
[INFO] 2025-01-04 20:21:05 - Authenticating user: j.caceres.sanzana22@gmail.com
[WARN] 2025-01-04 20:21:05 - Authentication failed: User not found for email j.caceres.sanzana22@gmail.com
[INFO] 2025-01-06 01:12:44 - Registrando usuario..
[ERROR] 2025-01-06 01:12:44 - [
  {
    "code": "invalid_type",
    "expected": "string",
    "received": "undefined",
    "path": [
      "name"
    ],
    "message": "Required"
  }
]
[INFO] 2025-01-06 01:17:30 - Registrando usuario..
[ERROR] 2025-01-06 01:17:30 - [
  {
    "code": "invalid_type",
    "expected": "string",
    "received": "undefined",
    "path": [
      "name"
    ],
    "message": "Required"
  }
]
[INFO] 2025-01-06 01:18:11 - Registrando usuario..
[ERROR] 2025-01-06 01:18:11 - [
  {
    "code": "invalid_type",
    "expected": "string",
    "received": "undefined",
    "path": [
      "name"
    ],
    "message": "Required"
  }
]
[INFO] 2025-01-06 01:18:52 - Registrando usuario..
[ERROR] 2025-01-06 01:18:52 - [
  {
    "code": "invalid_type",
    "expected": "string",
    "received": "undefined",
    "path": [
      "name"
    ],
    "message": "Required"
  }
]
[INFO] 2025-01-06 01:19:25 - Registrando usuario..
[ERROR] 2025-01-06 01:19:25 - Body is unusable: Body has already been read
[ERROR] 2025-01-06 01:21:48 - [
  {
    "code": "invalid_type",
    "expected": "string",
    "received": "undefined",
    "path": [
      "name"
    ],
    "message": "Required"
  }
]
[ERROR] 2025-01-06 01:22:20 - [
  {
    "code": "invalid_type",
    "expected": "string",
    "received": "undefined",
    "path": [
      "name"
    ],
    "message": "Required"
  }
]
[INFO] 2025-01-06 20:36:23 - Authenticating user: j.caceres.sanzana22@gmail.com
[INFO] 2025-01-06 20:46:57 - Authenticating user: j.caceres.sanzana22@gmail.com
[INFO] 2025-01-06 20:47:59 - Authenticating user: j.caceres.sanzana22@gmail.com
[INFO] 2025-01-06 20:58:31 - Authenticating user: j.caceres.sanzana22@gmail.com
[WARN] 2025-01-06 20:58:31 - Authentication failed: Invalid password for email j.caceres.sanzana22@gmail.com
[INFO] 2025-01-06 20:58:39 - Authenticating user: j.caceres.sanzana22@gmail.com
[INFO] 2025-01-06 20:59:17 - Authenticating user: j.caceres.sanzana22@gmail.com
[INFO] 2025-01-06 21:01:01 - Authenticating user: j.caceres.sanzana22@gmail.com
[INFO] 2025-01-06 21:01:57 - Authenticating user: j.caceres.sanzana22@gmail.com
[INFO] 2025-01-06 21:02:03 - Authenticating user: j.caceres.sanzana22@gmail.com
[INFO] 2025-01-06 21:15:26 - Authenticating user: j.caceres.sanzana22@gmail.com
[INFO] 2025-01-06 21:28:18 - Authenticating user: j.caceres.sanzana22@gmail.com
[INFO] 2025-01-06 21:57:07 - Authenticating user: j.caceres.sanzana22@gmail.com
[INFO] 2025-01-06 21:57:36 - Authenticating user: j.caceres.sanzana22@gmail.com
[INFO] 2025-01-06 21:59:57 - Authenticating user: j.caceres.sanzana22@gmail.com
[INFO] 2025-01-06 22:04:58 - Authenticating user: j.caceres.sanzana22@gmail.com
[INFO] 2025-01-06 22:19:07 - Authenticating user: j.caceres.sanzana22@gmail.com
[INFO] 2025-01-06 22:19:18 - Authenticating user: j.caceres.sanzana22@gmail.com
[INFO] 2025-01-06 22:20:31 - Authenticating user: j.caceres.sanzana22@gmail.com
[WARN] 2025-01-06 22:20:31 - Authentication failed: Invalid password for email j.caceres.sanzana22@gmail.com
[INFO] 2025-01-06 22:20:36 - Authenticating user: j.caceres.sanzana22@gmail.com
[WARN] 2025-01-06 22:20:37 - Authentication failed: Invalid password for email j.caceres.sanzana22@gmail.com
[INFO] 2025-01-06 22:20:42 - Authenticating user: j.caceres.sanzana22@gmail.com
